<?xml version="1.0" encoding="UTF-8"?>
<!-- Generated by org.testng.reporters.JUnitReportReporter -->
<testsuite hostname="DESKTOP-1FGBUT3" failures="0" tests="4" name="test.LoginTest" time="3.813" errors="0" timestamp="2023-02-10T19:06:13 IST" skipped="0">
  <testcase classname="test.LoginTest" name="verifyBuildTitleName" time="0.028"/>
  <system-out/>
  <testcase classname="test.LoginTest" name="verifyTitleOfLoginPage" time="0.887"/>
  <system-out/>
  <testcase classname="test.LoginTest" name="verifyCurrentUrlOfPage" time="0.014"/>
  <system-out/>
  <testcase classname="test.LoginTest" name="verifyLoginWithCorrectCredentials" time="2.884"/>
  <system-out/>
</testsuite> <!-- test.LoginTest -->
