<?xml version="1.0" encoding="UTF-8"?>
<!-- Generated by org.testng.reporters.JUnitReportReporter -->
<testsuite hostname="DESKTOP-1FGBUT3" failures="0" tests="3" name="test.PIMTest" time="2.402" errors="0" timestamp="2023-02-10T19:06:13 IST" skipped="0">
  <testcase classname="test.PIMTest" name="verifyPimPageTitle" time="2.079"/>
  <system-out/>
  <testcase classname="test.PIMTest" name="verifyEmpSearchEmpId" time="0.320"/>
  <system-out/>
  <testcase classname="test.PIMTest" name="TestIngChanges" time="0.003"/>
  <system-out/>
</testsuite> <!-- test.PIMTest -->
